Determining if the pthread_create exist failed with the following output:
Change Dir: /media/jxgu/github/PyOpenPose/build/CMakeFiles/CMakeTmp

Run Build Command:"/usr/bin/make" "cmTC_81765/fast"
/usr/bin/make -f CMakeFiles/cmTC_81765.dir/build.make CMakeFiles/cmTC_81765.dir/build
make[1]: Entering directory '/media/jxgu/github/PyOpenPose/build/CMakeFiles/CMakeTmp'
Building C object CMakeFiles/cmTC_81765.dir/CheckSymbolExists.c.o
/usr/bin/cc    -fPIC    -o CMakeFiles/cmTC_81765.dir/CheckSymbolExists.c.o   -c /media/jxgu/github/PyOpenPose/build/CMakeFiles/CMakeTmp/CheckSymbolExists.c
Linking C executable cmTC_81765
/usr/bin/cmake -E cmake_link_script CMakeFiles/cmTC_81765.dir/link.txt --verbose=1
/usr/bin/cc  -fPIC     CMakeFiles/cmTC_81765.dir/CheckSymbolExists.c.o  -o cmTC_81765 
CMakeFiles/cmTC_81765.dir/CheckSymbolExists.c.o: In function `main':
CheckSymbolExists.c:(.text+0x1b): undefined reference to `pthread_create'
collect2: error: ld returned 1 exit status
CMakeFiles/cmTC_81765.dir/build.make:97: recipe for target 'cmTC_81765' failed
make[1]: *** [cmTC_81765] Error 1
make[1]: Leaving directory '/media/jxgu/github/PyOpenPose/build/CMakeFiles/CMakeTmp'
Makefile:126: recipe for target 'cmTC_81765/fast' failed
make: *** [cmTC_81765/fast] Error 2

File /media/jxgu/github/PyOpenPose/build/CMakeFiles/CMakeTmp/CheckSymbolExists.c:
/* */
#include <pthread.h>

int main(int argc, char** argv)
{
  (void)argv;
#ifndef pthread_create
  return ((int*)(&pthread_create))[argc];
#else
  (void)argc;
  return 0;
#endif
}

Determining if the function pthread_create exists in the pthreads failed with the following output:
Change Dir: /media/jxgu/github/PyOpenPose/build/CMakeFiles/CMakeTmp

Run Build Command:"/usr/bin/make" "cmTC_15698/fast"
/usr/bin/make -f CMakeFiles/cmTC_15698.dir/build.make CMakeFiles/cmTC_15698.dir/build
make[1]: Entering directory '/media/jxgu/github/PyOpenPose/build/CMakeFiles/CMakeTmp'
Building C object CMakeFiles/cmTC_15698.dir/CheckFunctionExists.c.o
/usr/bin/cc    -fPIC -DCHECK_FUNCTION_EXISTS=pthread_create   -o CMakeFiles/cmTC_15698.dir/CheckFunctionExists.c.o   -c /usr/share/cmake-3.5/Modules/CheckFunctionExists.c
Linking C executable cmTC_15698
/usr/bin/cmake -E cmake_link_script CMakeFiles/cmTC_15698.dir/link.txt --verbose=1
/usr/bin/cc  -fPIC -DCHECK_FUNCTION_EXISTS=pthread_create    CMakeFiles/cmTC_15698.dir/CheckFunctionExists.c.o  -o cmTC_15698 -lpthreads 
/usr/bin/ld: cannot find -lpthreads
collect2: error: ld returned 1 exit status
CMakeFiles/cmTC_15698.dir/build.make:97: recipe for target 'cmTC_15698' failed
make[1]: *** [cmTC_15698] Error 1
make[1]: Leaving directory '/media/jxgu/github/PyOpenPose/build/CMakeFiles/CMakeTmp'
Makefile:126: recipe for target 'cmTC_15698/fast' failed
make: *** [cmTC_15698/fast] Error 2


